<?xml version="1.0" encoding="UTF-8"?>
<coverage generated="1726347885131" clover="3.2.0">
  <project timestamp="1726347885131" name="All files">
    <metrics statements="42" coveredstatements="35" conditionals="14" coveredconditionals="9" methods="13" coveredmethods="9" elements="69" coveredelements="53" complexity="0" loc="42" ncloc="42" packages="1" files="2" classes="2"/>
    <file name="Eventos.jsx" path="C:\Users\HP\Pictures\Proyecto\proyecto-si8811a-2024-ii-u1-web-development\src\components\Eventos.jsx">
      <metrics statements="38" coveredstatements="31" conditionals="14" coveredconditionals="9" methods="11" coveredmethods="7"/>
      <line num="6" count="1" type="stmt"/>
      <line num="19" count="1" type="stmt"/>
      <line num="20" count="9" type="stmt"/>
      <line num="21" count="9" type="stmt"/>
      <line num="22" count="9" type="stmt"/>
      <line num="23" count="9" type="stmt"/>
      <line num="24" count="9" type="stmt"/>
      <line num="25" count="9" type="stmt"/>
      <line num="27" count="9" type="stmt"/>
      <line num="28" count="3" type="stmt"/>
      <line num="29" count="3" type="stmt"/>
      <line num="30" count="3" type="stmt"/>
      <line num="31" count="3" type="stmt"/>
      <line num="32" count="2" type="stmt"/>
      <line num="33" count="2" type="stmt"/>
      <line num="35" count="1" type="stmt"/>
      <line num="37" count="3" type="stmt"/>
      <line num="40" count="3" type="stmt"/>
      <line num="43" count="9" type="stmt"/>
      <line num="44" count="3" type="stmt"/>
      <line num="47" count="9" type="stmt"/>
      <line num="48" count="3" type="stmt"/>
      <line num="50" count="3" type="cond" truecount="1" falsecount="1"/>
      <line num="51" count="0" type="stmt"/>
      <line num="52" count="0" type="stmt"/>
      <line num="56" count="3" type="cond" truecount="1" falsecount="1"/>
      <line num="57" count="0" type="stmt"/>
      <line num="58" count="0" type="stmt"/>
      <line num="59" count="0" type="stmt"/>
      <line num="63" count="3" type="stmt"/>
      <line num="66" count="9" type="cond" truecount="2" falsecount="0"/>
      <line num="67" count="6" type="stmt"/>
      <line num="70" count="3" type="cond" truecount="2" falsecount="0"/>
      <line num="72" count="2" type="stmt"/>
      <line num="128" count="0" type="stmt"/>
      <line num="131" count="14" type="stmt"/>
      <line num="144" count="0" type="stmt"/>
      <line num="155" count="2" type="stmt"/>
    </file>
    <file name="Login.jsx" path="C:\Users\HP\Pictures\Proyecto\proyecto-si8811a-2024-ii-u1-web-development\src\components\Login.jsx">
      <metrics statements="4" coveredstatements="4" conditionals="0" coveredconditionals="0" methods="2" coveredmethods="2"/>
      <line num="4" count="1" type="stmt"/>
      <line num="5" count="2" type="stmt"/>
      <line num="6" count="1" type="stmt"/>
      <line num="9" count="2" type="stmt"/>
    </file>
  </project>
</coverage>
