{"C:\\Users\\HP\\Pictures\\Proyecto\\proyecto-si8811a-2024-ii-u1-web-development\\src\\components\\Eventos.jsx": {"path":"C:\\Users\\HP\\Pictures\\Proyecto\\proyecto-si8811a-2024-ii-u1-web-development\\src\\components\\Eventos.jsx","statementMap":{"0":{"start":{"line":6,"column":19},"end":{"line":17,"column":1}},"1":{"start":{"line":19,"column":16},"end":{"line":191,"column":1}},"2":{"start":{"line":20,"column":30},"end":{"line":20,"column":42}},"3":{"start":{"line":21,"column":46},"end":{"line":21,"column":58}},"4":{"start":{"line":22,"column":32},"end":{"line":22,"column":46}},"5":{"start":{"line":23,"column":28},"end":{"line":23,"column":42}},"6":{"start":{"line":24,"column":50},"end":{"line":24,"column":67}},"7":{"start":{"line":25,"column":42},"end":{"line":25,"column":57}},"8":{"start":{"line":27,"column":2},"end":{"line":41,"column":9}},"9":{"start":{"line":28,"column":24},"end":{"line":39,"column":5}},"10":{"start":{"line":29,"column":6},"end":{"line":38,"column":7}},"11":{"start":{"line":30,"column":26},"end":{"line":30,"column":63}},"12":{"start":{"line":31,"column":25},"end":{"line":31,"column":51}},"13":{"start":{"line":32,"column":8},"end":{"line":32,"column":33}},"14":{"start":{"line":33,"column":8},"end":{"line":33,"column":41}},"15":{"start":{"line":35,"column":8},"end":{"line":35,"column":54}},"16":{"start":{"line":37,"column":8},"end":{"line":37,"column":26}},"17":{"start":{"line":40,"column":4},"end":{"line":40,"column":18}},"18":{"start":{"line":43,"column":2},"end":{"line":45,"column":39}},"19":{"start":{"line":44,"column":4},"end":{"line":44,"column":19}},"20":{"start":{"line":47,"column":23},"end":{"line":64,"column":3}},"21":{"start":{"line":48,"column":19},"end":{"line":48,"column":25}},"22":{"start":{"line":50,"column":4},"end":{"line":54,"column":5}},"23":{"start":{"line":51,"column":6},"end":{"line":53,"column":8}},"24":{"start":{"line":52,"column":19},"end":{"line":52,"column":54}},"25":{"start":{"line":56,"column":4},"end":{"line":61,"column":5}},"26":{"start":{"line":57,"column":26},"end":{"line":57,"column":36}},"27":{"start":{"line":58,"column":6},"end":{"line":60,"column":8}},"28":{"start":{"line":59,"column":19},"end":{"line":59,"column":62}},"29":{"start":{"line":63,"column":4},"end":{"line":63,"column":32}},"30":{"start":{"line":66,"column":2},"end":{"line":69,"column":6}},"31":{"start":{"line":67,"column":4},"end":{"line":69,"column":6}},"32":{"start":{"line":70,"column":2},"end":{"line":70,"column":80}},"33":{"start":{"line":70,"column":13},"end":{"line":70,"column":80}},"34":{"start":{"line":72,"column":2},"end":{"line":190,"column":4}},"35":{"start":{"line":128,"column":31},"end":{"line":128,"column":66}},"36":{"start":{"line":131,"column":16},"end":{"line":133,"column":25}},"37":{"start":{"line":144,"column":30},"end":{"line":144,"column":60}},"38":{"start":{"line":155,"column":16},"end":{"line":174,"column":22}}},"fnMap":{"0":{"name":"(anonymous_0)","decl":{"start":{"line":19,"column":16},"end":{"line":19,"column":17}},"loc":{"start":{"line":19,"column":22},"end":{"line":191,"column":1}},"line":19},"1":{"name":"(anonymous_1)","decl":{"start":{"line":27,"column":12},"end":{"line":27,"column":13}},"loc":{"start":{"line":27,"column":18},"end":{"line":41,"column":3}},"line":27},"2":{"name":"(anonymous_2)","decl":{"start":{"line":28,"column":24},"end":{"line":28,"column":25}},"loc":{"start":{"line":28,"column":36},"end":{"line":39,"column":5}},"line":28},"3":{"name":"(anonymous_3)","decl":{"start":{"line":43,"column":12},"end":{"line":43,"column":13}},"loc":{"start":{"line":43,"column":18},"end":{"line":45,"column":3}},"line":43},"4":{"name":"(anonymous_4)","decl":{"start":{"line":47,"column":23},"end":{"line":47,"column":24}},"loc":{"start":{"line":47,"column":29},"end":{"line":64,"column":3}},"line":47},"5":{"name":"(anonymous_5)","decl":{"start":{"line":52,"column":8},"end":{"line":52,"column":9}},"loc":{"start":{"line":52,"column":19},"end":{"line":52,"column":54}},"line":52},"6":{"name":"(anonymous_6)","decl":{"start":{"line":59,"column":8},"end":{"line":59,"column":9}},"loc":{"start":{"line":59,"column":19},"end":{"line":59,"column":62}},"line":59},"7":{"name":"(anonymous_7)","decl":{"start":{"line":128,"column":24},"end":{"line":128,"column":25}},"loc":{"start":{"line":128,"column":31},"end":{"line":128,"column":66}},"line":128},"8":{"name":"(anonymous_8)","decl":{"start":{"line":130,"column":30},"end":{"line":130,"column":31}},"loc":{"start":{"line":131,"column":16},"end":{"line":133,"column":25}},"line":131},"9":{"name":"(anonymous_9)","decl":{"start":{"line":144,"column":24},"end":{"line":144,"column":25}},"loc":{"start":{"line":144,"column":30},"end":{"line":144,"column":60}},"line":144},"10":{"name":"(anonymous_10)","decl":{"start":{"line":154,"column":34},"end":{"line":154,"column":35}},"loc":{"start":{"line":155,"column":16},"end":{"line":174,"column":22}},"line":155}},"branchMap":{"0":{"loc":{"start":{"line":50,"column":4},"end":{"line":54,"column":5}},"type":"if","locations":[{"start":{"line":50,"column":4},"end":{"line":54,"column":5}},{"start":{},"end":{}}],"line":50},"1":{"loc":{"start":{"line":56,"column":4},"end":{"line":61,"column":5}},"type":"if","locations":[{"start":{"line":56,"column":4},"end":{"line":61,"column":5}},{"start":{},"end":{}}],"line":56},"2":{"loc":{"start":{"line":66,"column":2},"end":{"line":69,"column":6}},"type":"if","locations":[{"start":{"line":66,"column":2},"end":{"line":69,"column":6}},{"start":{},"end":{}}],"line":66},"3":{"loc":{"start":{"line":70,"column":2},"end":{"line":70,"column":80}},"type":"if","locations":[{"start":{"line":70,"column":2},"end":{"line":70,"column":80}},{"start":{},"end":{}}],"line":70},"4":{"loc":{"start":{"line":148,"column":11},"end":{"line":177,"column":11}},"type":"cond-expr","locations":[{"start":{"line":149,"column":12},"end":{"line":151,"column":16}},{"start":{"line":153,"column":12},"end":{"line":176,"column":18}}],"line":148},"5":{"loc":{"start":{"line":160,"column":21},"end":{"line":160,"column":56}},"type":"binary-expr","locations":[{"start":{"line":160,"column":21},"end":{"line":160,"column":33}},{"start":{"line":160,"column":37},"end":{"line":160,"column":56}}],"line":160},"6":{"loc":{"start":{"line":172,"column":21},"end":{"line":172,"column":56}},"type":"binary-expr","locations":[{"start":{"line":172,"column":21},"end":{"line":172,"column":35}},{"start":{"line":172,"column":39},"end":{"line":172,"column":56}}],"line":172}},"s":{"0":1,"1":1,"2":9,"3":9,"4":9,"5":9,"6":9,"7":9,"8":9,"9":3,"10":3,"11":3,"12":3,"13":2,"14":2,"15":1,"16":3,"17":3,"18":9,"19":3,"20":9,"21":3,"22":3,"23":0,"24":0,"25":3,"26":0,"27":0,"28":0,"29":3,"30":9,"31":6,"32":3,"33":1,"34":2,"35":0,"36":14,"37":0,"38":2},"f":{"0":9,"1":3,"2":3,"3":3,"4":3,"5":0,"6":0,"7":0,"8":14,"9":0,"10":2},"b":{"0":[0,3],"1":[0,3],"2":[6,3],"3":[1,2],"4":[0,2],"5":[2,0],"6":[2,0]},"_coverageSchema":"1a1c01bbd47fc00a2c39e90264f33305004495a9","hash":"98bb07a9a83640b2c15d0ca8c481d1ee891eaf42"}
,"C:\\Users\\HP\\Pictures\\Proyecto\\proyecto-si8811a-2024-ii-u1-web-development\\src\\components\\Login.jsx": {"path":"C:\\Users\\HP\\Pictures\\Proyecto\\proyecto-si8811a-2024-ii-u1-web-development\\src\\components\\Login.jsx","statementMap":{"0":{"start":{"line":4,"column":14},"end":{"line":33,"column":1}},"1":{"start":{"line":5,"column":22},"end":{"line":7,"column":3}},"2":{"start":{"line":6,"column":4},"end":{"line":6,"column":57}},"3":{"start":{"line":9,"column":2},"end":{"line":32,"column":4}}},"fnMap":{"0":{"name":"(anonymous_0)","decl":{"start":{"line":4,"column":14},"end":{"line":4,"column":15}},"loc":{"start":{"line":4,"column":20},"end":{"line":33,"column":1}},"line":4},"1":{"name":"(anonymous_1)","decl":{"start":{"line":5,"column":22},"end":{"line":5,"column":23}},"loc":{"start":{"line":5,"column":28},"end":{"line":7,"column":3}},"line":5}},"branchMap":{},"s":{"0":1,"1":2,"2":1,"3":2},"f":{"0":2,"1":1},"b":{},"_coverageSchema":"1a1c01bbd47fc00a2c39e90264f33305004495a9","hash":"8ee3592587bb4e6e6d9bb1bbf6164d417eca494a"}
}
