TN:
SF:src\components\Eventos.jsx
FN:19,(anonymous_0)
FN:27,(anonymous_1)
FN:28,(anonymous_2)
FN:43,(anonymous_3)
FN:47,(anonymous_4)
FN:52,(anonymous_5)
FN:59,(anonymous_6)
FN:128,(anonymous_7)
FN:130,(anonymous_8)
FN:144,(anonymous_9)
FN:154,(anonymous_10)
FNF:11
FNH:7
FNDA:9,(anonymous_0)
FNDA:3,(anonymous_1)
FNDA:3,(anonymous_2)
FNDA:3,(anonymous_3)
FNDA:3,(anonymous_4)
FNDA:0,(anonymous_5)
FNDA:0,(anonymous_6)
FNDA:0,(anonymous_7)
FNDA:14,(anonymous_8)
FNDA:0,(anonymous_9)
FNDA:2,(anonymous_10)
DA:6,1
DA:19,1
DA:20,9
DA:21,9
DA:22,9
DA:23,9
DA:24,9
DA:25,9
DA:27,9
DA:28,3
DA:29,3
DA:30,3
DA:31,3
DA:32,2
DA:33,2
DA:35,1
DA:37,3
DA:40,3
DA:43,9
DA:44,3
DA:47,9
DA:48,3
DA:50,3
DA:51,0
DA:52,0
DA:56,3
DA:57,0
DA:58,0
DA:59,0
DA:63,3
DA:66,9
DA:67,6
DA:70,3
DA:72,2
DA:128,0
DA:131,14
DA:144,0
DA:155,2
LF:38
LH:31
BRDA:50,0,0,0
BRDA:50,0,1,3
BRDA:56,1,0,0
BRDA:56,1,1,3
BRDA:66,2,0,6
BRDA:66,2,1,3
BRDA:70,3,0,1
BRDA:70,3,1,2
BRDA:148,4,0,0
BRDA:148,4,1,2
BRDA:160,5,0,2
BRDA:160,5,1,0
BRDA:172,6,0,2
BRDA:172,6,1,0
BRF:14
BRH:9
end_of_record
TN:
SF:src\components\Login.jsx
FN:4,(anonymous_0)
FN:5,(anonymous_1)
FNF:2
FNH:2
FNDA:2,(anonymous_0)
FNDA:1,(anonymous_1)
DA:4,1
DA:5,2
DA:6,1
DA:9,2
LF:4
LH:4
BRF:0
BRH:0
end_of_record
